<?xml version="1.0" encoding="UTF-8"?>
<!-- Generated by org.testng.reporters.JUnitXMLReporter -->
<testsuite hostname="VENU-PC" ignored="0" name="Regression" tests="4" failures="1" timestamp="27 Jan 2018 12:41:48 GMT" time="0.104" errors="0">
  <testcase name="test" time="0.024" classname="basics.RetryTest">
    <skipped/>
  </testcase> <!-- test -->
  <testcase name="test" time="0.002" classname="basics.RetryTest">
    <skipped/>
  </testcase> <!-- test -->
  <testcase name="test" time="0.003" classname="basics.RetryTest">
    <skipped/>
  </testcase> <!-- test -->
  <testcase name="test" time="0.002" classname="basics.RetryTest">
    <failure type="java.lang.AssertionError" message="expected [true] but found [false]">
      <![CDATA[java.lang.AssertionError: expected [true] but found [false]
	at basics.RetryTest.test(RetryTest.java:11)
... Removed 29 stack frames]]>
    </failure>
  </testcase> <!-- test -->
</testsuite> <!-- Regression -->
