<?xml version="1.0" encoding="UTF-8"?>
<!-- Generated by org.testng.reporters.JUnitXMLReporter -->
<testsuite hostname="VENU-PC" ignored="0" name="Regression" tests="1" failures="1" timestamp="09 Feb 2018 16:35:56 GMT" time="379.687" errors="0">
  <testcase name="update" time="379.624" classname="basics.ReadWriteExcel">
    <failure type="java.lang.NullPointerException">
      <![CDATA[java.lang.NullPointerException
	at basics.ReadAndWrite.updateResult(ReadAndWrite.java:28)
	at basics.ReadWriteExcel.update(ReadWriteExcel.java:13)
... Removed 25 stack frames]]>
    </failure>
  </testcase> <!-- update -->
</testsuite> <!-- Regression -->
